2016-03-25 14:41:38.700 DEBUG [http-80-1] (BoClient.java:169) - url = http://172.30.1.20:8080/ValidatePlayEligibility|xml = <?xml version="1.0" encoding="UTF-8" ?><ValidatePlayEligibility portalId="1" client="175254844" account="null" assetId="SiTV2010000004762141" serviceId="WG_bysp" isPreview="N"/>
2016-03-25 14:41:43.723 ERROR [http-80-1] (BoClient.java:204) - url or xml error,service url:http://172.30.1.20:8080/ValidatePlayEligibilityxml:<?xml version="1.0" encoding="UTF-8" ?><ValidatePlayEligibility portalId="1" client="175254844" account="null" assetId="SiTV2010000004762141" serviceId="WG_bysp" isPreview="N"/>
java.net.SocketTimeoutException: connect timed out
	at java.net.PlainSocketImpl.socketConnect(Native Method)
	at java.net.PlainSocketImpl.doConnect(PlainSocketImpl.java:333)
	at java.net.PlainSocketImpl.connectToAddress(PlainSocketImpl.java:195)
	at java.net.PlainSocketImpl.connect(PlainSocketImpl.java:182)
	at java.net.SocksSocketImpl.connect(SocksSocketImpl.java:366)
	at java.net.Socket.connect(Socket.java:519)
	at sun.net.NetworkClient.doConnect(NetworkClient.java:158)
	at sun.net.www.http.HttpClient.openServer(HttpClient.java:394)
	at sun.net.www.http.HttpClient.openServer(HttpClient.java:529)
	at sun.net.www.http.HttpClient.<init>(HttpClient.java:233)
	at sun.net.www.http.HttpClient.New(HttpClient.java:306)
	at sun.net.www.http.HttpClient.New(HttpClient.java:323)
	at sun.net.www.protocol.http.HttpURLConnection.getNewHttpClient(HttpURLConnection.java:852)
	at sun.net.www.protocol.http.HttpURLConnection.plainConnect(HttpURLConnection.java:793)
	at sun.net.www.protocol.http.HttpURLConnection.connect(HttpURLConnection.java:718)
	at sun.net.www.protocol.http.HttpURLConnection.getOutputStream(HttpURLConnection.java:896)
	at sitv.epg.zhangjiagang.bo.BoClient.post(BoClient.java:186)
	at sitv.epg.zhangjiagang.bo.BoClient.auth(BoClient.java:89)
	at sitv.epg.zhangjiagang.service.AuthenticateService.authSVOD(AuthenticateService.java:98)
	at sitv.epg.zhangjiagang.service.AuthenticateService.auth(AuthenticateService.java:57)
	at sitv.epg.web.filter.AAAInteceptor.preHandle(AAAInteceptor.java:92)
	at org.springframework.web.servlet.DispatcherServlet.doDispatch(DispatcherServlet.java:779)
	at org.springframework.web.servlet.DispatcherServlet.doService(DispatcherServlet.java:717)
	at org.springframework.web.servlet.FrameworkServlet.processRequest(FrameworkServlet.java:644)
	at org.springframework.web.servlet.FrameworkServlet.doGet(FrameworkServlet.java:549)
	at javax.servlet.http.HttpServlet.service(HttpServlet.java:617)
	at javax.servlet.http.HttpServlet.service(HttpServlet.java:723)
	at org.apache.catalina.core.ApplicationFilterChain.internalDoFilter(ApplicationFilterChain.java:290)
	at org.apache.catalina.core.ApplicationFilterChain.doFilter(ApplicationFilterChain.java:206)
	at sitv.epg.web.filter.CheckLoginFilter.doFilter(CheckLoginFilter.java:163)
	at org.springframework.web.filter.DelegatingFilterProxy.invokeDelegate(DelegatingFilterProxy.java:237)
	at org.springframework.web.filter.DelegatingFilterProxy.doFilter(DelegatingFilterProxy.java:167)
	at org.apache.catalina.core.ApplicationFilterChain.internalDoFilter(ApplicationFilterChain.java:235)
	at org.apache.catalina.core.ApplicationFilterChain.doFilter(ApplicationFilterChain.java:206)
	at sitv.epg.web.filter.BufferSizeFilter.doFilter(BufferSizeFilter.java:48)
	at org.apache.catalina.core.ApplicationFilterChain.internalDoFilter(ApplicationFilterChain.java:235)
	at org.apache.catalina.core.ApplicationFilterChain.doFilter(ApplicationFilterChain.java:206)
	at org.apache.catalina.core.StandardWrapperValve.invoke(StandardWrapperValve.java:233)
	at org.apache.catalina.core.StandardContextValve.invoke(StandardContextValve.java:191)
	at org.apache.catalina.core.StandardHostValve.invoke(StandardHostValve.java:127)
	at org.apache.catalina.valves.ErrorReportValve.invoke(ErrorReportValve.java:103)
	at org.apache.catalina.core.StandardEngineValve.invoke(StandardEngineValve.java:109)
	at org.apache.catalina.connector.CoyoteAdapter.service(CoyoteAdapter.java:293)
	at org.apache.coyote.http11.Http11Processor.process(Http11Processor.java:861)
	at org.apache.coyote.http11.Http11Protocol$Http11ConnectionHandler.process(Http11Protocol.java:606)
	at org.apache.tomcat.util.net.JIoEndpoint$Worker.run(JIoEndpoint.java:489)
	at java.lang.Thread.run(Thread.java:619)
2016-03-25 14:41:43.725 ERROR [http-80-1] (BoClient.java:91) - auth response is null.account=null, assetId=SiTV2010000004762141, providerId=null
2016-03-25 15:12:16.479 DEBUG [http-80-6] (BoClient.java:169) - url = http://172.30.1.20:8080/ValidatePlayEligibility|xml = <?xml version="1.0" encoding="UTF-8" ?><ValidatePlayEligibility portalId="1" client="175254844" account="null" assetId="SiTV2010000004762141" serviceId="WG_bysp" isPreview="N"/>
2016-03-25 15:12:21.499 ERROR [http-80-6] (BoClient.java:204) - url or xml error,service url:http://172.30.1.20:8080/ValidatePlayEligibilityxml:<?xml version="1.0" encoding="UTF-8" ?><ValidatePlayEligibility portalId="1" client="175254844" account="null" assetId="SiTV2010000004762141" serviceId="WG_bysp" isPreview="N"/>
java.net.SocketTimeoutException: connect timed out
	at java.net.PlainSocketImpl.socketConnect(Native Method)
	at java.net.PlainSocketImpl.doConnect(PlainSocketImpl.java:333)
	at java.net.PlainSocketImpl.connectToAddress(PlainSocketImpl.java:195)
	at java.net.PlainSocketImpl.connect(PlainSocketImpl.java:182)
	at java.net.SocksSocketImpl.connect(SocksSocketImpl.java:366)
	at java.net.Socket.connect(Socket.java:519)
	at sun.net.NetworkClient.doConnect(NetworkClient.java:158)
	at sun.net.www.http.HttpClient.openServer(HttpClient.java:394)
	at sun.net.www.http.HttpClient.openServer(HttpClient.java:529)
	at sun.net.www.http.HttpClient.<init>(HttpClient.java:233)
	at sun.net.www.http.HttpClient.New(HttpClient.java:306)
	at sun.net.www.http.HttpClient.New(HttpClient.java:323)
	at sun.net.www.protocol.http.HttpURLConnection.getNewHttpClient(HttpURLConnection.java:852)
	at sun.net.www.protocol.http.HttpURLConnection.plainConnect(HttpURLConnection.java:793)
	at sun.net.www.protocol.http.HttpURLConnection.connect(HttpURLConnection.java:718)
	at sun.net.www.protocol.http.HttpURLConnection.getOutputStream(HttpURLConnection.java:896)
	at sitv.epg.zhangjiagang.bo.BoClient.post(BoClient.java:186)
	at sitv.epg.zhangjiagang.bo.BoClient.auth(BoClient.java:89)
	at sitv.epg.zhangjiagang.service.AuthenticateService.authSVOD(AuthenticateService.java:98)
	at sitv.epg.zhangjiagang.service.AuthenticateService.auth(AuthenticateService.java:57)
	at sitv.epg.web.filter.AAAInteceptor.preHandle(AAAInteceptor.java:92)
	at org.springframework.web.servlet.DispatcherServlet.doDispatch(DispatcherServlet.java:779)
	at org.springframework.web.servlet.DispatcherServlet.doService(DispatcherServlet.java:717)
	at org.springframework.web.servlet.FrameworkServlet.processRequest(FrameworkServlet.java:644)
	at org.springframework.web.servlet.FrameworkServlet.doGet(FrameworkServlet.java:549)
	at javax.servlet.http.HttpServlet.service(HttpServlet.java:617)
	at javax.servlet.http.HttpServlet.service(HttpServlet.java:723)
	at org.apache.catalina.core.ApplicationFilterChain.internalDoFilter(ApplicationFilterChain.java:290)
	at org.apache.catalina.core.ApplicationFilterChain.doFilter(ApplicationFilterChain.java:206)
	at sitv.epg.web.filter.CheckLoginFilter.doFilter(CheckLoginFilter.java:163)
	at org.springframework.web.filter.DelegatingFilterProxy.invokeDelegate(DelegatingFilterProxy.java:237)
	at org.springframework.web.filter.DelegatingFilterProxy.doFilter(DelegatingFilterProxy.java:167)
	at org.apache.catalina.core.ApplicationFilterChain.internalDoFilter(ApplicationFilterChain.java:235)
	at org.apache.catalina.core.ApplicationFilterChain.doFilter(ApplicationFilterChain.java:206)
	at sitv.epg.web.filter.BufferSizeFilter.doFilter(BufferSizeFilter.java:48)
	at org.apache.catalina.core.ApplicationFilterChain.internalDoFilter(ApplicationFilterChain.java:235)
	at org.apache.catalina.core.ApplicationFilterChain.doFilter(ApplicationFilterChain.java:206)
	at org.apache.catalina.core.StandardWrapperValve.invoke(StandardWrapperValve.java:233)
	at org.apache.catalina.core.StandardContextValve.invoke(StandardContextValve.java:191)
	at org.apache.catalina.core.StandardHostValve.invoke(StandardHostValve.java:127)
	at org.apache.catalina.valves.ErrorReportValve.invoke(ErrorReportValve.java:103)
	at org.apache.catalina.core.StandardEngineValve.invoke(StandardEngineValve.java:109)
	at org.apache.catalina.connector.CoyoteAdapter.service(CoyoteAdapter.java:293)
	at org.apache.coyote.http11.Http11Processor.process(Http11Processor.java:861)
	at org.apache.coyote.http11.Http11Protocol$Http11ConnectionHandler.process(Http11Protocol.java:606)
	at org.apache.tomcat.util.net.JIoEndpoint$Worker.run(JIoEndpoint.java:489)
	at java.lang.Thread.run(Thread.java:619)
2016-03-25 15:12:21.501 ERROR [http-80-6] (BoClient.java:91) - auth response is null.account=null, assetId=SiTV2010000004762141, providerId=null
2016-03-25 15:12:30.472 DEBUG [http-80-6] (BoClient.java:169) - url = http://172.30.1.20:8080/ValidatePlayEligibility|xml = <?xml version="1.0" encoding="UTF-8" ?><ValidatePlayEligibility portalId="1" client="175254844" account="null" assetId="SiTV2010000004791182" serviceId="WG_bysp" isPreview="N"/>
2016-03-25 15:12:35.474 ERROR [http-80-6] (BoClient.java:204) - url or xml error,service url:http://172.30.1.20:8080/ValidatePlayEligibilityxml:<?xml version="1.0" encoding="UTF-8" ?><ValidatePlayEligibility portalId="1" client="175254844" account="null" assetId="SiTV2010000004791182" serviceId="WG_bysp" isPreview="N"/>
java.net.SocketTimeoutException: connect timed out
	at java.net.PlainSocketImpl.socketConnect(Native Method)
	at java.net.PlainSocketImpl.doConnect(PlainSocketImpl.java:333)
	at java.net.PlainSocketImpl.connectToAddress(PlainSocketImpl.java:195)
	at java.net.PlainSocketImpl.connect(PlainSocketImpl.java:182)
	at java.net.SocksSocketImpl.connect(SocksSocketImpl.java:366)
	at java.net.Socket.connect(Socket.java:519)
	at sun.net.NetworkClient.doConnect(NetworkClient.java:158)
	at sun.net.www.http.HttpClient.openServer(HttpClient.java:394)
	at sun.net.www.http.HttpClient.openServer(HttpClient.java:529)
	at sun.net.www.http.HttpClient.<init>(HttpClient.java:233)
	at sun.net.www.http.HttpClient.New(HttpClient.java:306)
	at sun.net.www.http.HttpClient.New(HttpClient.java:323)
	at sun.net.www.protocol.http.HttpURLConnection.getNewHttpClient(HttpURLConnection.java:852)
	at sun.net.www.protocol.http.HttpURLConnection.plainConnect(HttpURLConnection.java:793)
	at sun.net.www.protocol.http.HttpURLConnection.connect(HttpURLConnection.java:718)
	at sun.net.www.protocol.http.HttpURLConnection.getOutputStream(HttpURLConnection.java:896)
	at sitv.epg.zhangjiagang.bo.BoClient.post(BoClient.java:186)
	at sitv.epg.zhangjiagang.bo.BoClient.auth(BoClient.java:89)
	at sitv.epg.zhangjiagang.service.AuthenticateService.authSVOD(AuthenticateService.java:98)
	at sitv.epg.zhangjiagang.service.AuthenticateService.auth(AuthenticateService.java:57)
	at sitv.epg.web.filter.AAAInteceptor.preHandle(AAAInteceptor.java:92)
	at org.springframework.web.servlet.DispatcherServlet.doDispatch(DispatcherServlet.java:779)
	at org.springframework.web.servlet.DispatcherServlet.doService(DispatcherServlet.java:717)
	at org.springframework.web.servlet.FrameworkServlet.processRequest(FrameworkServlet.java:644)
	at org.springframework.web.servlet.FrameworkServlet.doGet(FrameworkServlet.java:549)
	at javax.servlet.http.HttpServlet.service(HttpServlet.java:617)
	at javax.servlet.http.HttpServlet.service(HttpServlet.java:723)
	at org.apache.catalina.core.ApplicationFilterChain.internalDoFilter(ApplicationFilterChain.java:290)
	at org.apache.catalina.core.ApplicationFilterChain.doFilter(ApplicationFilterChain.java:206)
	at sitv.epg.web.filter.CheckLoginFilter.doFilter(CheckLoginFilter.java:163)
	at org.springframework.web.filter.DelegatingFilterProxy.invokeDelegate(DelegatingFilterProxy.java:237)
	at org.springframework.web.filter.DelegatingFilterProxy.doFilter(DelegatingFilterProxy.java:167)
	at org.apache.catalina.core.ApplicationFilterChain.internalDoFilter(ApplicationFilterChain.java:235)
	at org.apache.catalina.core.ApplicationFilterChain.doFilter(ApplicationFilterChain.java:206)
	at sitv.epg.web.filter.BufferSizeFilter.doFilter(BufferSizeFilter.java:48)
	at org.apache.catalina.core.ApplicationFilterChain.internalDoFilter(ApplicationFilterChain.java:235)
	at org.apache.catalina.core.ApplicationFilterChain.doFilter(ApplicationFilterChain.java:206)
	at org.apache.catalina.core.StandardWrapperValve.invoke(StandardWrapperValve.java:233)
	at org.apache.catalina.core.StandardContextValve.invoke(StandardContextValve.java:191)
	at org.apache.catalina.core.StandardHostValve.invoke(StandardHostValve.java:127)
	at org.apache.catalina.valves.ErrorReportValve.invoke(ErrorReportValve.java:103)
	at org.apache.catalina.core.StandardEngineValve.invoke(StandardEngineValve.java:109)
	at org.apache.catalina.connector.CoyoteAdapter.service(CoyoteAdapter.java:293)
	at org.apache.coyote.http11.Http11Processor.process(Http11Processor.java:861)
	at org.apache.coyote.http11.Http11Protocol$Http11ConnectionHandler.process(Http11Protocol.java:606)
	at org.apache.tomcat.util.net.JIoEndpoint$Worker.run(JIoEndpoint.java:489)
	at java.lang.Thread.run(Thread.java:619)
2016-03-25 15:12:35.475 ERROR [http-80-6] (BoClient.java:91) - auth response is null.account=null, assetId=SiTV2010000004791182, providerId=null
2016-03-25 15:12:38.185 DEBUG [http-80-6] (BoClient.java:169) - url = http://172.30.1.20:8080/ValidatePlayEligibility|xml = <?xml version="1.0" encoding="UTF-8" ?><ValidatePlayEligibility portalId="1" client="175254844" account="null" assetId="SiTV2010000004447936" serviceId="WG_bysp" isPreview="N"/>
2016-03-25 15:12:43.193 ERROR [http-80-6] (BoClient.java:204) - url or xml error,service url:http://172.30.1.20:8080/ValidatePlayEligibilityxml:<?xml version="1.0" encoding="UTF-8" ?><ValidatePlayEligibility portalId="1" client="175254844" account="null" assetId="SiTV2010000004447936" serviceId="WG_bysp" isPreview="N"/>
java.net.SocketTimeoutException: connect timed out
	at java.net.PlainSocketImpl.socketConnect(Native Method)
	at java.net.PlainSocketImpl.doConnect(PlainSocketImpl.java:333)
	at java.net.PlainSocketImpl.connectToAddress(PlainSocketImpl.java:195)
	at java.net.PlainSocketImpl.connect(PlainSocketImpl.java:182)
	at java.net.SocksSocketImpl.connect(SocksSocketImpl.java:366)
	at java.net.Socket.connect(Socket.java:519)
	at sun.net.NetworkClient.doConnect(NetworkClient.java:158)
	at sun.net.www.http.HttpClient.openServer(HttpClient.java:394)
	at sun.net.www.http.HttpClient.openServer(HttpClient.java:529)
	at sun.net.www.http.HttpClient.<init>(HttpClient.java:233)
	at sun.net.www.http.HttpClient.New(HttpClient.java:306)
	at sun.net.www.http.HttpClient.New(HttpClient.java:323)
	at sun.net.www.protocol.http.HttpURLConnection.getNewHttpClient(HttpURLConnection.java:852)
	at sun.net.www.protocol.http.HttpURLConnection.plainConnect(HttpURLConnection.java:793)
	at sun.net.www.protocol.http.HttpURLConnection.connect(HttpURLConnection.java:718)
	at sun.net.www.protocol.http.HttpURLConnection.getOutputStream(HttpURLConnection.java:896)
	at sitv.epg.zhangjiagang.bo.BoClient.post(BoClient.java:186)
	at sitv.epg.zhangjiagang.bo.BoClient.auth(BoClient.java:89)
	at sitv.epg.zhangjiagang.service.AuthenticateService.authSVOD(AuthenticateService.java:98)
	at sitv.epg.zhangjiagang.service.AuthenticateService.auth(AuthenticateService.java:57)
	at sitv.epg.web.filter.AAAInteceptor.preHandle(AAAInteceptor.java:92)
	at org.springframework.web.servlet.DispatcherServlet.doDispatch(DispatcherServlet.java:779)
	at org.springframework.web.servlet.DispatcherServlet.doService(DispatcherServlet.java:717)
	at org.springframework.web.servlet.FrameworkServlet.processRequest(FrameworkServlet.java:644)
	at org.springframework.web.servlet.FrameworkServlet.doGet(FrameworkServlet.java:549)
	at javax.servlet.http.HttpServlet.service(HttpServlet.java:617)
	at javax.servlet.http.HttpServlet.service(HttpServlet.java:723)
	at org.apache.catalina.core.ApplicationFilterChain.internalDoFilter(ApplicationFilterChain.java:290)
	at org.apache.catalina.core.ApplicationFilterChain.doFilter(ApplicationFilterChain.java:206)
	at sitv.epg.web.filter.CheckLoginFilter.doFilter(CheckLoginFilter.java:163)
	at org.springframework.web.filter.DelegatingFilterProxy.invokeDelegate(DelegatingFilterProxy.java:237)
	at org.springframework.web.filter.DelegatingFilterProxy.doFilter(DelegatingFilterProxy.java:167)
	at org.apache.catalina.core.ApplicationFilterChain.internalDoFilter(ApplicationFilterChain.java:235)
	at org.apache.catalina.core.ApplicationFilterChain.doFilter(ApplicationFilterChain.java:206)
	at sitv.epg.web.filter.BufferSizeFilter.doFilter(BufferSizeFilter.java:48)
	at org.apache.catalina.core.ApplicationFilterChain.internalDoFilter(ApplicationFilterChain.java:235)
	at org.apache.catalina.core.ApplicationFilterChain.doFilter(ApplicationFilterChain.java:206)
	at org.apache.catalina.core.StandardWrapperValve.invoke(StandardWrapperValve.java:233)
	at org.apache.catalina.core.StandardContextValve.invoke(StandardContextValve.java:191)
	at org.apache.catalina.core.StandardHostValve.invoke(StandardHostValve.java:127)
	at org.apache.catalina.valves.ErrorReportValve.invoke(ErrorReportValve.java:103)
	at org.apache.catalina.core.StandardEngineValve.invoke(StandardEngineValve.java:109)
	at org.apache.catalina.connector.CoyoteAdapter.service(CoyoteAdapter.java:293)
	at org.apache.coyote.http11.Http11Processor.process(Http11Processor.java:861)
	at org.apache.coyote.http11.Http11Protocol$Http11ConnectionHandler.process(Http11Protocol.java:606)
	at org.apache.tomcat.util.net.JIoEndpoint$Worker.run(JIoEndpoint.java:489)
	at java.lang.Thread.run(Thread.java:619)
2016-03-25 15:12:43.193 ERROR [http-80-6] (BoClient.java:91) - auth response is null.account=null, assetId=SiTV2010000004447936, providerId=null
2016-03-25 15:12:45.374 DEBUG [http-80-6] (BoClient.java:169) - url = http://172.30.1.20:8080/ValidatePlayEligibility|xml = <?xml version="1.0" encoding="UTF-8" ?><ValidatePlayEligibility portalId="1" client="175254844" account="null" assetId="SiTV2010000004750590" serviceId="WG_bysp" isPreview="N"/>
2016-03-25 15:12:50.375 ERROR [http-80-6] (BoClient.java:204) - url or xml error,service url:http://172.30.1.20:8080/ValidatePlayEligibilityxml:<?xml version="1.0" encoding="UTF-8" ?><ValidatePlayEligibility portalId="1" client="175254844" account="null" assetId="SiTV2010000004750590" serviceId="WG_bysp" isPreview="N"/>
java.net.SocketTimeoutException: connect timed out
	at java.net.PlainSocketImpl.socketConnect(Native Method)
	at java.net.PlainSocketImpl.doConnect(PlainSocketImpl.java:333)
	at java.net.PlainSocketImpl.connectToAddress(PlainSocketImpl.java:195)
	at java.net.PlainSocketImpl.connect(PlainSocketImpl.java:182)
	at java.net.SocksSocketImpl.connect(SocksSocketImpl.java:366)
	at java.net.Socket.connect(Socket.java:519)
	at sun.net.NetworkClient.doConnect(NetworkClient.java:158)
	at sun.net.www.http.HttpClient.openServer(HttpClient.java:394)
	at sun.net.www.http.HttpClient.openServer(HttpClient.java:529)
	at sun.net.www.http.HttpClient.<init>(HttpClient.java:233)
	at sun.net.www.http.HttpClient.New(HttpClient.java:306)
	at sun.net.www.http.HttpClient.New(HttpClient.java:323)
	at sun.net.www.protocol.http.HttpURLConnection.getNewHttpClient(HttpURLConnection.java:852)
	at sun.net.www.protocol.http.HttpURLConnection.plainConnect(HttpURLConnection.java:793)
	at sun.net.www.protocol.http.HttpURLConnection.connect(HttpURLConnection.java:718)
	at sun.net.www.protocol.http.HttpURLConnection.getOutputStream(HttpURLConnection.java:896)
	at sitv.epg.zhangjiagang.bo.BoClient.post(BoClient.java:186)
	at sitv.epg.zhangjiagang.bo.BoClient.auth(BoClient.java:89)
	at sitv.epg.zhangjiagang.service.AuthenticateService.authSVOD(AuthenticateService.java:98)
	at sitv.epg.zhangjiagang.service.AuthenticateService.auth(AuthenticateService.java:57)
	at sitv.epg.web.filter.AAAInteceptor.preHandle(AAAInteceptor.java:92)
	at org.springframework.web.servlet.DispatcherServlet.doDispatch(DispatcherServlet.java:779)
	at org.springframework.web.servlet.DispatcherServlet.doService(DispatcherServlet.java:717)
	at org.springframework.web.servlet.FrameworkServlet.processRequest(FrameworkServlet.java:644)
	at org.springframework.web.servlet.FrameworkServlet.doGet(FrameworkServlet.java:549)
	at javax.servlet.http.HttpServlet.service(HttpServlet.java:617)
	at javax.servlet.http.HttpServlet.service(HttpServlet.java:723)
	at org.apache.catalina.core.ApplicationFilterChain.internalDoFilter(ApplicationFilterChain.java:290)
	at org.apache.catalina.core.ApplicationFilterChain.doFilter(ApplicationFilterChain.java:206)
	at sitv.epg.web.filter.CheckLoginFilter.doFilter(CheckLoginFilter.java:163)
	at org.springframework.web.filter.DelegatingFilterProxy.invokeDelegate(DelegatingFilterProxy.java:237)
	at org.springframework.web.filter.DelegatingFilterProxy.doFilter(DelegatingFilterProxy.java:167)
	at org.apache.catalina.core.ApplicationFilterChain.internalDoFilter(ApplicationFilterChain.java:235)
	at org.apache.catalina.core.ApplicationFilterChain.doFilter(ApplicationFilterChain.java:206)
	at sitv.epg.web.filter.BufferSizeFilter.doFilter(BufferSizeFilter.java:48)
	at org.apache.catalina.core.ApplicationFilterChain.internalDoFilter(ApplicationFilterChain.java:235)
	at org.apache.catalina.core.ApplicationFilterChain.doFilter(ApplicationFilterChain.java:206)
	at org.apache.catalina.core.StandardWrapperValve.invoke(StandardWrapperValve.java:233)
	at org.apache.catalina.core.StandardContextValve.invoke(StandardContextValve.java:191)
	at org.apache.catalina.core.StandardHostValve.invoke(StandardHostValve.java:127)
	at org.apache.catalina.valves.ErrorReportValve.invoke(ErrorReportValve.java:103)
	at org.apache.catalina.core.StandardEngineValve.invoke(StandardEngineValve.java:109)
	at org.apache.catalina.connector.CoyoteAdapter.service(CoyoteAdapter.java:293)
	at org.apache.coyote.http11.Http11Processor.process(Http11Processor.java:861)
	at org.apache.coyote.http11.Http11Protocol$Http11ConnectionHandler.process(Http11Protocol.java:606)
	at org.apache.tomcat.util.net.JIoEndpoint$Worker.run(JIoEndpoint.java:489)
	at java.lang.Thread.run(Thread.java:619)
2016-03-25 15:12:50.377 ERROR [http-80-6] (BoClient.java:91) - auth response is null.account=null, assetId=SiTV2010000004750590, providerId=null
2016-03-25 15:12:57.416 DEBUG [http-80-6] (BoClient.java:169) - url = http://172.30.1.20:8080/ValidatePlayEligibility|xml = <?xml version="1.0" encoding="UTF-8" ?><ValidatePlayEligibility portalId="1" client="175254844" account="null" assetId="SiTV2010000004780247" serviceId="WG_bysp" isPreview="N"/>
2016-03-25 15:13:02.438 ERROR [http-80-6] (BoClient.java:204) - url or xml error,service url:http://172.30.1.20:8080/ValidatePlayEligibilityxml:<?xml version="1.0" encoding="UTF-8" ?><ValidatePlayEligibility portalId="1" client="175254844" account="null" assetId="SiTV2010000004780247" serviceId="WG_bysp" isPreview="N"/>
java.net.SocketTimeoutException: connect timed out
	at java.net.PlainSocketImpl.socketConnect(Native Method)
	at java.net.PlainSocketImpl.doConnect(PlainSocketImpl.java:333)
	at java.net.PlainSocketImpl.connectToAddress(PlainSocketImpl.java:195)
	at java.net.PlainSocketImpl.connect(PlainSocketImpl.java:182)
	at java.net.SocksSocketImpl.connect(SocksSocketImpl.java:366)
	at java.net.Socket.connect(Socket.java:519)
	at sun.net.NetworkClient.doConnect(NetworkClient.java:158)
	at sun.net.www.http.HttpClient.openServer(HttpClient.java:394)
	at sun.net.www.http.HttpClient.openServer(HttpClient.java:529)
	at sun.net.www.http.HttpClient.<init>(HttpClient.java:233)
	at sun.net.www.http.HttpClient.New(HttpClient.java:306)
	at sun.net.www.http.HttpClient.New(HttpClient.java:323)
	at sun.net.www.protocol.http.HttpURLConnection.getNewHttpClient(HttpURLConnection.java:852)
	at sun.net.www.protocol.http.HttpURLConnection.plainConnect(HttpURLConnection.java:793)
	at sun.net.www.protocol.http.HttpURLConnection.connect(HttpURLConnection.java:718)
	at sun.net.www.protocol.http.HttpURLConnection.getOutputStream(HttpURLConnection.java:896)
	at sitv.epg.zhangjiagang.bo.BoClient.post(BoClient.java:186)
	at sitv.epg.zhangjiagang.bo.BoClient.auth(BoClient.java:89)
	at sitv.epg.zhangjiagang.service.AuthenticateService.authSVOD(AuthenticateService.java:98)
	at sitv.epg.zhangjiagang.service.AuthenticateService.auth(AuthenticateService.java:57)
	at sitv.epg.web.filter.AAAInteceptor.preHandle(AAAInteceptor.java:92)
	at org.springframework.web.servlet.DispatcherServlet.doDispatch(DispatcherServlet.java:779)
	at org.springframework.web.servlet.DispatcherServlet.doService(DispatcherServlet.java:717)
	at org.springframework.web.servlet.FrameworkServlet.processRequest(FrameworkServlet.java:644)
	at org.springframework.web.servlet.FrameworkServlet.doGet(FrameworkServlet.java:549)
	at javax.servlet.http.HttpServlet.service(HttpServlet.java:617)
	at javax.servlet.http.HttpServlet.service(HttpServlet.java:723)
	at org.apache.catalina.core.ApplicationFilterChain.internalDoFilter(ApplicationFilterChain.java:290)
	at org.apache.catalina.core.ApplicationFilterChain.doFilter(ApplicationFilterChain.java:206)
	at sitv.epg.web.filter.CheckLoginFilter.doFilter(CheckLoginFilter.java:163)
	at org.springframework.web.filter.DelegatingFilterProxy.invokeDelegate(DelegatingFilterProxy.java:237)
	at org.springframework.web.filter.DelegatingFilterProxy.doFilter(DelegatingFilterProxy.java:167)
	at org.apache.catalina.core.ApplicationFilterChain.internalDoFilter(ApplicationFilterChain.java:235)
	at org.apache.catalina.core.ApplicationFilterChain.doFilter(ApplicationFilterChain.java:206)
	at sitv.epg.web.filter.BufferSizeFilter.doFilter(BufferSizeFilter.java:48)
	at org.apache.catalina.core.ApplicationFilterChain.internalDoFilter(ApplicationFilterChain.java:235)
	at org.apache.catalina.core.ApplicationFilterChain.doFilter(ApplicationFilterChain.java:206)
	at org.apache.catalina.core.StandardWrapperValve.invoke(StandardWrapperValve.java:233)
	at org.apache.catalina.core.StandardContextValve.invoke(StandardContextValve.java:191)
	at org.apache.catalina.core.StandardHostValve.invoke(StandardHostValve.java:127)
	at org.apache.catalina.valves.ErrorReportValve.invoke(ErrorReportValve.java:103)
	at org.apache.catalina.core.StandardEngineValve.invoke(StandardEngineValve.java:109)
	at org.apache.catalina.connector.CoyoteAdapter.service(CoyoteAdapter.java:293)
	at org.apache.coyote.http11.Http11Processor.process(Http11Processor.java:861)
	at org.apache.coyote.http11.Http11Protocol$Http11ConnectionHandler.process(Http11Protocol.java:606)
	at org.apache.tomcat.util.net.JIoEndpoint$Worker.run(JIoEndpoint.java:489)
	at java.lang.Thread.run(Thread.java:619)
2016-03-25 15:13:02.439 ERROR [http-80-6] (BoClient.java:91) - auth response is null.account=null, assetId=SiTV2010000004780247, providerId=null
2016-03-25 15:13:09.229 DEBUG [http-80-6] (BoClient.java:169) - url = http://172.30.1.20:8080/ValidatePlayEligibility|xml = <?xml version="1.0" encoding="UTF-8" ?><ValidatePlayEligibility portalId="1" client="175254844" account="null" assetId="SiTV2010000004762141" serviceId="WG_bysp" isPreview="N"/>
2016-03-25 15:13:14.229 ERROR [http-80-6] (BoClient.java:204) - url or xml error,service url:http://172.30.1.20:8080/ValidatePlayEligibilityxml:<?xml version="1.0" encoding="UTF-8" ?><ValidatePlayEligibility portalId="1" client="175254844" account="null" assetId="SiTV2010000004762141" serviceId="WG_bysp" isPreview="N"/>
java.net.SocketTimeoutException: connect timed out
	at java.net.PlainSocketImpl.socketConnect(Native Method)
	at java.net.PlainSocketImpl.doConnect(PlainSocketImpl.java:333)
	at java.net.PlainSocketImpl.connectToAddress(PlainSocketImpl.java:195)
	at java.net.PlainSocketImpl.connect(PlainSocketImpl.java:182)
	at java.net.SocksSocketImpl.connect(SocksSocketImpl.java:366)
	at java.net.Socket.connect(Socket.java:519)
	at sun.net.NetworkClient.doConnect(NetworkClient.java:158)
	at sun.net.www.http.HttpClient.openServer(HttpClient.java:394)
	at sun.net.www.http.HttpClient.openServer(HttpClient.java:529)
	at sun.net.www.http.HttpClient.<init>(HttpClient.java:233)
	at sun.net.www.http.HttpClient.New(HttpClient.java:306)
	at sun.net.www.http.HttpClient.New(HttpClient.java:323)
	at sun.net.www.protocol.http.HttpURLConnection.getNewHttpClient(HttpURLConnection.java:852)
	at sun.net.www.protocol.http.HttpURLConnection.plainConnect(HttpURLConnection.java:793)
	at sun.net.www.protocol.http.HttpURLConnection.connect(HttpURLConnection.java:718)
	at sun.net.www.protocol.http.HttpURLConnection.getOutputStream(HttpURLConnection.java:896)
	at sitv.epg.zhangjiagang.bo.BoClient.post(BoClient.java:186)
	at sitv.epg.zhangjiagang.bo.BoClient.auth(BoClient.java:89)
	at sitv.epg.zhangjiagang.service.AuthenticateService.authSVOD(AuthenticateService.java:98)
	at sitv.epg.zhangjiagang.service.AuthenticateService.auth(AuthenticateService.java:57)
	at sitv.epg.web.filter.AAAInteceptor.preHandle(AAAInteceptor.java:92)
	at org.springframework.web.servlet.DispatcherServlet.doDispatch(DispatcherServlet.java:779)
	at org.springframework.web.servlet.DispatcherServlet.doService(DispatcherServlet.java:717)
	at org.springframework.web.servlet.FrameworkServlet.processRequest(FrameworkServlet.java:644)
	at org.springframework.web.servlet.FrameworkServlet.doGet(FrameworkServlet.java:549)
	at javax.servlet.http.HttpServlet.service(HttpServlet.java:617)
	at javax.servlet.http.HttpServlet.service(HttpServlet.java:723)
	at org.apache.catalina.core.ApplicationFilterChain.internalDoFilter(ApplicationFilterChain.java:290)
	at org.apache.catalina.core.ApplicationFilterChain.doFilter(ApplicationFilterChain.java:206)
	at sitv.epg.web.filter.CheckLoginFilter.doFilter(CheckLoginFilter.java:163)
	at org.springframework.web.filter.DelegatingFilterProxy.invokeDelegate(DelegatingFilterProxy.java:237)
	at org.springframework.web.filter.DelegatingFilterProxy.doFilter(DelegatingFilterProxy.java:167)
	at org.apache.catalina.core.ApplicationFilterChain.internalDoFilter(ApplicationFilterChain.java:235)
	at org.apache.catalina.core.ApplicationFilterChain.doFilter(ApplicationFilterChain.java:206)
	at sitv.epg.web.filter.BufferSizeFilter.doFilter(BufferSizeFilter.java:48)
	at org.apache.catalina.core.ApplicationFilterChain.internalDoFilter(ApplicationFilterChain.java:235)
	at org.apache.catalina.core.ApplicationFilterChain.doFilter(ApplicationFilterChain.java:206)
	at org.apache.catalina.core.StandardWrapperValve.invoke(StandardWrapperValve.java:233)
	at org.apache.catalina.core.StandardContextValve.invoke(StandardContextValve.java:191)
	at org.apache.catalina.core.StandardHostValve.invoke(StandardHostValve.java:127)
	at org.apache.catalina.valves.ErrorReportValve.invoke(ErrorReportValve.java:103)
	at org.apache.catalina.core.StandardEngineValve.invoke(StandardEngineValve.java:109)
	at org.apache.catalina.connector.CoyoteAdapter.service(CoyoteAdapter.java:293)
	at org.apache.coyote.http11.Http11Processor.process(Http11Processor.java:861)
	at org.apache.coyote.http11.Http11Protocol$Http11ConnectionHandler.process(Http11Protocol.java:606)
	at org.apache.tomcat.util.net.JIoEndpoint$Worker.run(JIoEndpoint.java:489)
	at java.lang.Thread.run(Thread.java:619)
2016-03-25 15:13:14.231 ERROR [http-80-6] (BoClient.java:91) - auth response is null.account=null, assetId=SiTV2010000004762141, providerId=null
2016-03-25 15:13:32.724 DEBUG [http-80-6] (BoClient.java:169) - url = http://172.30.1.20:8080/ValidatePlayEligibility|xml = <?xml version="1.0" encoding="UTF-8" ?><ValidatePlayEligibility portalId="1" client="175254844" account="null" assetId="SiTV2010000004762141" serviceId="WG_bysp" isPreview="N"/>
2016-03-25 15:13:37.726 ERROR [http-80-6] (BoClient.java:204) - url or xml error,service url:http://172.30.1.20:8080/ValidatePlayEligibilityxml:<?xml version="1.0" encoding="UTF-8" ?><ValidatePlayEligibility portalId="1" client="175254844" account="null" assetId="SiTV2010000004762141" serviceId="WG_bysp" isPreview="N"/>
java.net.SocketTimeoutException: connect timed out
	at java.net.PlainSocketImpl.socketConnect(Native Method)
	at java.net.PlainSocketImpl.doConnect(PlainSocketImpl.java:333)
	at java.net.PlainSocketImpl.connectToAddress(PlainSocketImpl.java:195)
	at java.net.PlainSocketImpl.connect(PlainSocketImpl.java:182)
	at java.net.SocksSocketImpl.connect(SocksSocketImpl.java:366)
	at java.net.Socket.connect(Socket.java:519)
	at sun.net.NetworkClient.doConnect(NetworkClient.java:158)
	at sun.net.www.http.HttpClient.openServer(HttpClient.java:394)
	at sun.net.www.http.HttpClient.openServer(HttpClient.java:529)
	at sun.net.www.http.HttpClient.<init>(HttpClient.java:233)
	at sun.net.www.http.HttpClient.New(HttpClient.java:306)
	at sun.net.www.http.HttpClient.New(HttpClient.java:323)
	at sun.net.www.protocol.http.HttpURLConnection.getNewHttpClient(HttpURLConnection.java:852)
	at sun.net.www.protocol.http.HttpURLConnection.plainConnect(HttpURLConnection.java:793)
	at sun.net.www.protocol.http.HttpURLConnection.connect(HttpURLConnection.java:718)
	at sun.net.www.protocol.http.HttpURLConnection.getOutputStream(HttpURLConnection.java:896)
	at sitv.epg.zhangjiagang.bo.BoClient.post(BoClient.java:186)
	at sitv.epg.zhangjiagang.bo.BoClient.auth(BoClient.java:89)
	at sitv.epg.zhangjiagang.service.AuthenticateService.authSVOD(AuthenticateService.java:98)
	at sitv.epg.zhangjiagang.service.AuthenticateService.auth(AuthenticateService.java:57)
	at sitv.epg.web.filter.AAAInteceptor.preHandle(AAAInteceptor.java:92)
	at org.springframework.web.servlet.DispatcherServlet.doDispatch(DispatcherServlet.java:779)
	at org.springframework.web.servlet.DispatcherServlet.doService(DispatcherServlet.java:717)
	at org.springframework.web.servlet.FrameworkServlet.processRequest(FrameworkServlet.java:644)
	at org.springframework.web.servlet.FrameworkServlet.doGet(FrameworkServlet.java:549)
	at javax.servlet.http.HttpServlet.service(HttpServlet.java:617)
	at javax.servlet.http.HttpServlet.service(HttpServlet.java:723)
	at org.apache.catalina.core.ApplicationFilterChain.internalDoFilter(ApplicationFilterChain.java:290)
	at org.apache.catalina.core.ApplicationFilterChain.doFilter(ApplicationFilterChain.java:206)
	at sitv.epg.web.filter.CheckLoginFilter.doFilter(CheckLoginFilter.java:163)
	at org.springframework.web.filter.DelegatingFilterProxy.invokeDelegate(DelegatingFilterProxy.java:237)
	at org.springframework.web.filter.DelegatingFilterProxy.doFilter(DelegatingFilterProxy.java:167)
	at org.apache.catalina.core.ApplicationFilterChain.internalDoFilter(ApplicationFilterChain.java:235)
	at org.apache.catalina.core.ApplicationFilterChain.doFilter(ApplicationFilterChain.java:206)
	at sitv.epg.web.filter.BufferSizeFilter.doFilter(BufferSizeFilter.java:48)
	at org.apache.catalina.core.ApplicationFilterChain.internalDoFilter(ApplicationFilterChain.java:235)
	at org.apache.catalina.core.ApplicationFilterChain.doFilter(ApplicationFilterChain.java:206)
	at org.apache.catalina.core.StandardWrapperValve.invoke(StandardWrapperValve.java:233)
	at org.apache.catalina.core.StandardContextValve.invoke(StandardContextValve.java:191)
	at org.apache.catalina.core.StandardHostValve.invoke(StandardHostValve.java:127)
	at org.apache.catalina.valves.ErrorReportValve.invoke(ErrorReportValve.java:103)
	at org.apache.catalina.core.StandardEngineValve.invoke(StandardEngineValve.java:109)
	at org.apache.catalina.connector.CoyoteAdapter.service(CoyoteAdapter.java:293)
	at org.apache.coyote.http11.Http11Processor.process(Http11Processor.java:861)
	at org.apache.coyote.http11.Http11Protocol$Http11ConnectionHandler.process(Http11Protocol.java:606)
	at org.apache.tomcat.util.net.JIoEndpoint$Worker.run(JIoEndpoint.java:489)
	at java.lang.Thread.run(Thread.java:619)
2016-03-25 15:13:37.726 ERROR [http-80-6] (BoClient.java:91) - auth response is null.account=null, assetId=SiTV2010000004762141, providerId=null
2016-03-25 15:14:13.309 DEBUG [http-80-6] (BoClient.java:169) - url = http://172.30.1.20:8080/ValidatePlayEligibility|xml = <?xml version="1.0" encoding="UTF-8" ?><ValidatePlayEligibility portalId="1" client="175254844" account="null" assetId="SiTV2010000004762141" serviceId="WG_bysp" isPreview="N"/>
2016-03-25 15:14:18.329 ERROR [http-80-6] (BoClient.java:204) - url or xml error,service url:http://172.30.1.20:8080/ValidatePlayEligibilityxml:<?xml version="1.0" encoding="UTF-8" ?><ValidatePlayEligibility portalId="1" client="175254844" account="null" assetId="SiTV2010000004762141" serviceId="WG_bysp" isPreview="N"/>
java.net.SocketTimeoutException: connect timed out
	at java.net.PlainSocketImpl.socketConnect(Native Method)
	at java.net.PlainSocketImpl.doConnect(PlainSocketImpl.java:333)
	at java.net.PlainSocketImpl.connectToAddress(PlainSocketImpl.java:195)
	at java.net.PlainSocketImpl.connect(PlainSocketImpl.java:182)
	at java.net.SocksSocketImpl.connect(SocksSocketImpl.java:366)
	at java.net.Socket.connect(Socket.java:519)
	at sun.net.NetworkClient.doConnect(NetworkClient.java:158)
	at sun.net.www.http.HttpClient.openServer(HttpClient.java:394)
	at sun.net.www.http.HttpClient.openServer(HttpClient.java:529)
	at sun.net.www.http.HttpClient.<init>(HttpClient.java:233)
	at sun.net.www.http.HttpClient.New(HttpClient.java:306)
	at sun.net.www.http.HttpClient.New(HttpClient.java:323)
	at sun.net.www.protocol.http.HttpURLConnection.getNewHttpClient(HttpURLConnection.java:852)
	at sun.net.www.protocol.http.HttpURLConnection.plainConnect(HttpURLConnection.java:793)
	at sun.net.www.protocol.http.HttpURLConnection.connect(HttpURLConnection.java:718)
	at sun.net.www.protocol.http.HttpURLConnection.getOutputStream(HttpURLConnection.java:896)
	at sitv.epg.zhangjiagang.bo.BoClient.post(BoClient.java:186)
	at sitv.epg.zhangjiagang.bo.BoClient.auth(BoClient.java:89)
	at sitv.epg.zhangjiagang.service.AuthenticateService.authSVOD(AuthenticateService.java:98)
	at sitv.epg.zhangjiagang.service.AuthenticateService.auth(AuthenticateService.java:57)
	at sitv.epg.web.filter.AAAInteceptor.preHandle(AAAInteceptor.java:92)
	at org.springframework.web.servlet.DispatcherServlet.doDispatch(DispatcherServlet.java:779)
	at org.springframework.web.servlet.DispatcherServlet.doService(DispatcherServlet.java:717)
	at org.springframework.web.servlet.FrameworkServlet.processRequest(FrameworkServlet.java:644)
	at org.springframework.web.servlet.FrameworkServlet.doGet(FrameworkServlet.java:549)
	at javax.servlet.http.HttpServlet.service(HttpServlet.java:617)
	at javax.servlet.http.HttpServlet.service(HttpServlet.java:723)
	at org.apache.catalina.core.ApplicationFilterChain.internalDoFilter(ApplicationFilterChain.java:290)
	at org.apache.catalina.core.ApplicationFilterChain.doFilter(ApplicationFilterChain.java:206)
	at sitv.epg.web.filter.CheckLoginFilter.doFilter(CheckLoginFilter.java:163)
	at org.springframework.web.filter.DelegatingFilterProxy.invokeDelegate(DelegatingFilterProxy.java:237)
	at org.springframework.web.filter.DelegatingFilterProxy.doFilter(DelegatingFilterProxy.java:167)
	at org.apache.catalina.core.ApplicationFilterChain.internalDoFilter(ApplicationFilterChain.java:235)
	at org.apache.catalina.core.ApplicationFilterChain.doFilter(ApplicationFilterChain.java:206)
	at sitv.epg.web.filter.BufferSizeFilter.doFilter(BufferSizeFilter.java:48)
	at org.apache.catalina.core.ApplicationFilterChain.internalDoFilter(ApplicationFilterChain.java:235)
	at org.apache.catalina.core.ApplicationFilterChain.doFilter(ApplicationFilterChain.java:206)
	at org.apache.catalina.core.StandardWrapperValve.invoke(StandardWrapperValve.java:233)
	at org.apache.catalina.core.StandardContextValve.invoke(StandardContextValve.java:191)
	at org.apache.catalina.core.StandardHostValve.invoke(StandardHostValve.java:127)
	at org.apache.catalina.valves.ErrorReportValve.invoke(ErrorReportValve.java:103)
	at org.apache.catalina.core.StandardEngineValve.invoke(StandardEngineValve.java:109)
	at org.apache.catalina.connector.CoyoteAdapter.service(CoyoteAdapter.java:293)
	at org.apache.coyote.http11.Http11Processor.process(Http11Processor.java:861)
	at org.apache.coyote.http11.Http11Protocol$Http11ConnectionHandler.process(Http11Protocol.java:606)
	at org.apache.tomcat.util.net.JIoEndpoint$Worker.run(JIoEndpoint.java:489)
	at java.lang.Thread.run(Thread.java:619)
2016-03-25 15:14:18.330 ERROR [http-80-6] (BoClient.java:91) - auth response is null.account=null, assetId=SiTV2010000004762141, providerId=null
2016-03-25 15:34:07.350 DEBUG [http-80-5] (BoClient.java:169) - url = http://172.30.1.20:8080/ValidatePlayEligibility|xml = <?xml version="1.0" encoding="UTF-8" ?><ValidatePlayEligibility portalId="1" client="175254844" account="null" assetId="SiTV2010000004762141" serviceId="WG_bysp" isPreview="N"/>
2016-03-25 15:34:12.353 ERROR [http-80-5] (BoClient.java:204) - url or xml error,service url:http://172.30.1.20:8080/ValidatePlayEligibilityxml:<?xml version="1.0" encoding="UTF-8" ?><ValidatePlayEligibility portalId="1" client="175254844" account="null" assetId="SiTV2010000004762141" serviceId="WG_bysp" isPreview="N"/>
java.net.SocketTimeoutException: connect timed out
	at java.net.PlainSocketImpl.socketConnect(Native Method)
	at java.net.PlainSocketImpl.doConnect(PlainSocketImpl.java:333)
	at java.net.PlainSocketImpl.connectToAddress(PlainSocketImpl.java:195)
	at java.net.PlainSocketImpl.connect(PlainSocketImpl.java:182)
	at java.net.SocksSocketImpl.connect(SocksSocketImpl.java:366)
	at java.net.Socket.connect(Socket.java:519)
	at sun.net.NetworkClient.doConnect(NetworkClient.java:158)
	at sun.net.www.http.HttpClient.openServer(HttpClient.java:394)
	at sun.net.www.http.HttpClient.openServer(HttpClient.java:529)
	at sun.net.www.http.HttpClient.<init>(HttpClient.java:233)
	at sun.net.www.http.HttpClient.New(HttpClient.java:306)
	at sun.net.www.http.HttpClient.New(HttpClient.java:323)
	at sun.net.www.protocol.http.HttpURLConnection.getNewHttpClient(HttpURLConnection.java:852)
	at sun.net.www.protocol.http.HttpURLConnection.plainConnect(HttpURLConnection.java:793)
	at sun.net.www.protocol.http.HttpURLConnection.connect(HttpURLConnection.java:718)
	at sun.net.www.protocol.http.HttpURLConnection.getOutputStream(HttpURLConnection.java:896)
	at sitv.epg.zhangjiagang.bo.BoClient.post(BoClient.java:186)
	at sitv.epg.zhangjiagang.bo.BoClient.auth(BoClient.java:89)
	at sitv.epg.zhangjiagang.service.AuthenticateService.authSVOD(AuthenticateService.java:98)
	at sitv.epg.zhangjiagang.service.AuthenticateService.auth(AuthenticateService.java:57)
	at sitv.epg.web.filter.AAAInteceptor.preHandle(AAAInteceptor.java:92)
	at org.springframework.web.servlet.DispatcherServlet.doDispatch(DispatcherServlet.java:779)
	at org.springframework.web.servlet.DispatcherServlet.doService(DispatcherServlet.java:717)
	at org.springframework.web.servlet.FrameworkServlet.processRequest(FrameworkServlet.java:644)
	at org.springframework.web.servlet.FrameworkServlet.doGet(FrameworkServlet.java:549)
	at javax.servlet.http.HttpServlet.service(HttpServlet.java:617)
	at javax.servlet.http.HttpServlet.service(HttpServlet.java:723)
	at org.apache.catalina.core.ApplicationFilterChain.internalDoFilter(ApplicationFilterChain.java:290)
	at org.apache.catalina.core.ApplicationFilterChain.doFilter(ApplicationFilterChain.java:206)
	at sitv.epg.web.filter.CheckLoginFilter.doFilter(CheckLoginFilter.java:163)
	at org.springframework.web.filter.DelegatingFilterProxy.invokeDelegate(DelegatingFilterProxy.java:237)
	at org.springframework.web.filter.DelegatingFilterProxy.doFilter(DelegatingFilterProxy.java:167)
	at org.apache.catalina.core.ApplicationFilterChain.internalDoFilter(ApplicationFilterChain.java:235)
	at org.apache.catalina.core.ApplicationFilterChain.doFilter(ApplicationFilterChain.java:206)
	at sitv.epg.web.filter.BufferSizeFilter.doFilter(BufferSizeFilter.java:48)
	at org.apache.catalina.core.ApplicationFilterChain.internalDoFilter(ApplicationFilterChain.java:235)
	at org.apache.catalina.core.ApplicationFilterChain.doFilter(ApplicationFilterChain.java:206)
	at org.apache.catalina.core.StandardWrapperValve.invoke(StandardWrapperValve.java:233)
	at org.apache.catalina.core.StandardContextValve.invoke(StandardContextValve.java:191)
	at org.apache.catalina.core.StandardHostValve.invoke(StandardHostValve.java:127)
	at org.apache.catalina.valves.ErrorReportValve.invoke(ErrorReportValve.java:103)
	at org.apache.catalina.core.StandardEngineValve.invoke(StandardEngineValve.java:109)
	at org.apache.catalina.connector.CoyoteAdapter.service(CoyoteAdapter.java:293)
	at org.apache.coyote.http11.Http11Processor.process(Http11Processor.java:861)
	at org.apache.coyote.http11.Http11Protocol$Http11ConnectionHandler.process(Http11Protocol.java:606)
	at org.apache.tomcat.util.net.JIoEndpoint$Worker.run(JIoEndpoint.java:489)
	at java.lang.Thread.run(Thread.java:619)
2016-03-25 15:34:12.354 ERROR [http-80-5] (BoClient.java:91) - auth response is null.account=null, assetId=SiTV2010000004762141, providerId=null
2016-03-25 15:36:26.798 DEBUG [http-80-5] (BoClient.java:169) - url = http://172.30.1.20:8080/ValidatePlayEligibility|xml = <?xml version="1.0" encoding="UTF-8" ?><ValidatePlayEligibility portalId="1" client="175254844" account="null" assetId="SiTV2010000004762141" serviceId="WG_bysp" isPreview="N"/>
2016-03-25 15:36:31.807 ERROR [http-80-5] (BoClient.java:204) - url or xml error,service url:http://172.30.1.20:8080/ValidatePlayEligibilityxml:<?xml version="1.0" encoding="UTF-8" ?><ValidatePlayEligibility portalId="1" client="175254844" account="null" assetId="SiTV2010000004762141" serviceId="WG_bysp" isPreview="N"/>
java.net.SocketTimeoutException: connect timed out
	at java.net.PlainSocketImpl.socketConnect(Native Method)
	at java.net.PlainSocketImpl.doConnect(PlainSocketImpl.java:333)
	at java.net.PlainSocketImpl.connectToAddress(PlainSocketImpl.java:195)
	at java.net.PlainSocketImpl.connect(PlainSocketImpl.java:182)
	at java.net.SocksSocketImpl.connect(SocksSocketImpl.java:366)
	at java.net.Socket.connect(Socket.java:519)
	at sun.net.NetworkClient.doConnect(NetworkClient.java:158)
	at sun.net.www.http.HttpClient.openServer(HttpClient.java:394)
	at sun.net.www.http.HttpClient.openServer(HttpClient.java:529)
	at sun.net.www.http.HttpClient.<init>(HttpClient.java:233)
	at sun.net.www.http.HttpClient.New(HttpClient.java:306)
	at sun.net.www.http.HttpClient.New(HttpClient.java:323)
	at sun.net.www.protocol.http.HttpURLConnection.getNewHttpClient(HttpURLConnection.java:852)
	at sun.net.www.protocol.http.HttpURLConnection.plainConnect(HttpURLConnection.java:793)
	at sun.net.www.protocol.http.HttpURLConnection.connect(HttpURLConnection.java:718)
	at sun.net.www.protocol.http.HttpURLConnection.getOutputStream(HttpURLConnection.java:896)
	at sitv.epg.zhangjiagang.bo.BoClient.post(BoClient.java:186)
	at sitv.epg.zhangjiagang.bo.BoClient.auth(BoClient.java:89)
	at sitv.epg.zhangjiagang.service.AuthenticateService.authSVOD(AuthenticateService.java:98)
	at sitv.epg.zhangjiagang.service.AuthenticateService.auth(AuthenticateService.java:57)
	at sitv.epg.web.filter.AAAInteceptor.preHandle(AAAInteceptor.java:92)
	at org.springframework.web.servlet.DispatcherServlet.doDispatch(DispatcherServlet.java:779)
	at org.springframework.web.servlet.DispatcherServlet.doService(DispatcherServlet.java:717)
	at org.springframework.web.servlet.FrameworkServlet.processRequest(FrameworkServlet.java:644)
	at org.springframework.web.servlet.FrameworkServlet.doGet(FrameworkServlet.java:549)
	at javax.servlet.http.HttpServlet.service(HttpServlet.java:617)
	at javax.servlet.http.HttpServlet.service(HttpServlet.java:723)
	at org.apache.catalina.core.ApplicationFilterChain.internalDoFilter(ApplicationFilterChain.java:290)
	at org.apache.catalina.core.ApplicationFilterChain.doFilter(ApplicationFilterChain.java:206)
	at sitv.epg.web.filter.CheckLoginFilter.doFilter(CheckLoginFilter.java:163)
	at org.springframework.web.filter.DelegatingFilterProxy.invokeDelegate(DelegatingFilterProxy.java:237)
	at org.springframework.web.filter.DelegatingFilterProxy.doFilter(DelegatingFilterProxy.java:167)
	at org.apache.catalina.core.ApplicationFilterChain.internalDoFilter(ApplicationFilterChain.java:235)
	at org.apache.catalina.core.ApplicationFilterChain.doFilter(ApplicationFilterChain.java:206)
	at sitv.epg.web.filter.BufferSizeFilter.doFilter(BufferSizeFilter.java:48)
	at org.apache.catalina.core.ApplicationFilterChain.internalDoFilter(ApplicationFilterChain.java:235)
	at org.apache.catalina.core.ApplicationFilterChain.doFilter(ApplicationFilterChain.java:206)
	at org.apache.catalina.core.StandardWrapperValve.invoke(StandardWrapperValve.java:233)
	at org.apache.catalina.core.StandardContextValve.invoke(StandardContextValve.java:191)
	at org.apache.catalina.core.StandardHostValve.invoke(StandardHostValve.java:127)
	at org.apache.catalina.valves.ErrorReportValve.invoke(ErrorReportValve.java:103)
	at org.apache.catalina.core.StandardEngineValve.invoke(StandardEngineValve.java:109)
	at org.apache.catalina.connector.CoyoteAdapter.service(CoyoteAdapter.java:293)
	at org.apache.coyote.http11.Http11Processor.process(Http11Processor.java:861)
	at org.apache.coyote.http11.Http11Protocol$Http11ConnectionHandler.process(Http11Protocol.java:606)
	at org.apache.tomcat.util.net.JIoEndpoint$Worker.run(JIoEndpoint.java:489)
	at java.lang.Thread.run(Thread.java:619)
2016-03-25 15:36:31.809 ERROR [http-80-5] (BoClient.java:91) - auth response is null.account=null, assetId=SiTV2010000004762141, providerId=null
2016-03-25 15:54:04.686 DEBUG [http-80-1] (BoClient.java:169) - url = http://172.30.1.20:8080/ValidatePlayEligibility|xml = <?xml version="1.0" encoding="UTF-8" ?><ValidatePlayEligibility portalId="1" client="175254844" account="null" assetId="SiTV2010000004762141" serviceId="WG_bysp" isPreview="N"/>
2016-03-25 15:54:09.720 ERROR [http-80-1] (BoClient.java:204) - url or xml error,service url:http://172.30.1.20:8080/ValidatePlayEligibilityxml:<?xml version="1.0" encoding="UTF-8" ?><ValidatePlayEligibility portalId="1" client="175254844" account="null" assetId="SiTV2010000004762141" serviceId="WG_bysp" isPreview="N"/>
java.net.SocketTimeoutException: connect timed out
	at java.net.PlainSocketImpl.socketConnect(Native Method)
	at java.net.PlainSocketImpl.doConnect(PlainSocketImpl.java:333)
	at java.net.PlainSocketImpl.connectToAddress(PlainSocketImpl.java:195)
	at java.net.PlainSocketImpl.connect(PlainSocketImpl.java:182)
	at java.net.SocksSocketImpl.connect(SocksSocketImpl.java:366)
	at java.net.Socket.connect(Socket.java:519)
	at sun.net.NetworkClient.doConnect(NetworkClient.java:158)
	at sun.net.www.http.HttpClient.openServer(HttpClient.java:394)
	at sun.net.www.http.HttpClient.openServer(HttpClient.java:529)
	at sun.net.www.http.HttpClient.<init>(HttpClient.java:233)
	at sun.net.www.http.HttpClient.New(HttpClient.java:306)
	at sun.net.www.http.HttpClient.New(HttpClient.java:323)
	at sun.net.www.protocol.http.HttpURLConnection.getNewHttpClient(HttpURLConnection.java:852)
	at sun.net.www.protocol.http.HttpURLConnection.plainConnect(HttpURLConnection.java:793)
	at sun.net.www.protocol.http.HttpURLConnection.connect(HttpURLConnection.java:718)
	at sun.net.www.protocol.http.HttpURLConnection.getOutputStream(HttpURLConnection.java:896)
	at sitv.epg.zhangjiagang.bo.BoClient.post(BoClient.java:186)
	at sitv.epg.zhangjiagang.bo.BoClient.auth(BoClient.java:89)
	at sitv.epg.zhangjiagang.service.AuthenticateService.authSVOD(AuthenticateService.java:98)
	at sitv.epg.zhangjiagang.service.AuthenticateService.auth(AuthenticateService.java:57)
	at sitv.epg.web.filter.AAAInteceptor.preHandle(AAAInteceptor.java:92)
	at org.springframework.web.servlet.DispatcherServlet.doDispatch(DispatcherServlet.java:779)
	at org.springframework.web.servlet.DispatcherServlet.doService(DispatcherServlet.java:717)
	at org.springframework.web.servlet.FrameworkServlet.processRequest(FrameworkServlet.java:644)
	at org.springframework.web.servlet.FrameworkServlet.doGet(FrameworkServlet.java:549)
	at javax.servlet.http.HttpServlet.service(HttpServlet.java:617)
	at javax.servlet.http.HttpServlet.service(HttpServlet.java:723)
	at org.apache.catalina.core.ApplicationFilterChain.internalDoFilter(ApplicationFilterChain.java:290)
	at org.apache.catalina.core.ApplicationFilterChain.doFilter(ApplicationFilterChain.java:206)
	at sitv.epg.web.filter.CheckLoginFilter.doFilter(CheckLoginFilter.java:163)
	at org.springframework.web.filter.DelegatingFilterProxy.invokeDelegate(DelegatingFilterProxy.java:237)
	at org.springframework.web.filter.DelegatingFilterProxy.doFilter(DelegatingFilterProxy.java:167)
	at org.apache.catalina.core.ApplicationFilterChain.internalDoFilter(ApplicationFilterChain.java:235)
	at org.apache.catalina.core.ApplicationFilterChain.doFilter(ApplicationFilterChain.java:206)
	at sitv.epg.web.filter.BufferSizeFilter.doFilter(BufferSizeFilter.java:48)
	at org.apache.catalina.core.ApplicationFilterChain.internalDoFilter(ApplicationFilterChain.java:235)
	at org.apache.catalina.core.ApplicationFilterChain.doFilter(ApplicationFilterChain.java:206)
	at org.apache.catalina.core.StandardWrapperValve.invoke(StandardWrapperValve.java:233)
	at org.apache.catalina.core.StandardContextValve.invoke(StandardContextValve.java:191)
	at org.apache.catalina.core.StandardHostValve.invoke(StandardHostValve.java:127)
	at org.apache.catalina.valves.ErrorReportValve.invoke(ErrorReportValve.java:103)
	at org.apache.catalina.core.StandardEngineValve.invoke(StandardEngineValve.java:109)
	at org.apache.catalina.connector.CoyoteAdapter.service(CoyoteAdapter.java:293)
	at org.apache.coyote.http11.Http11Processor.process(Http11Processor.java:861)
	at org.apache.coyote.http11.Http11Protocol$Http11ConnectionHandler.process(Http11Protocol.java:606)
	at org.apache.tomcat.util.net.JIoEndpoint$Worker.run(JIoEndpoint.java:489)
	at java.lang.Thread.run(Thread.java:619)
2016-03-25 15:54:09.722 ERROR [http-80-1] (BoClient.java:91) - auth response is null.account=null, assetId=SiTV2010000004762141, providerId=null
2016-03-25 15:54:28.177 DEBUG [http-80-1] (BoClient.java:169) - url = http://172.30.1.20:8080/ValidatePlayEligibility|xml = <?xml version="1.0" encoding="UTF-8" ?><ValidatePlayEligibility portalId="1" client="175254844" account="null" assetId="SiTV2010000004447936" serviceId="WG_bysp" isPreview="N"/>
2016-03-25 15:54:33.179 ERROR [http-80-1] (BoClient.java:204) - url or xml error,service url:http://172.30.1.20:8080/ValidatePlayEligibilityxml:<?xml version="1.0" encoding="UTF-8" ?><ValidatePlayEligibility portalId="1" client="175254844" account="null" assetId="SiTV2010000004447936" serviceId="WG_bysp" isPreview="N"/>
java.net.SocketTimeoutException: connect timed out
	at java.net.PlainSocketImpl.socketConnect(Native Method)
	at java.net.PlainSocketImpl.doConnect(PlainSocketImpl.java:333)
	at java.net.PlainSocketImpl.connectToAddress(PlainSocketImpl.java:195)
	at java.net.PlainSocketImpl.connect(PlainSocketImpl.java:182)
	at java.net.SocksSocketImpl.connect(SocksSocketImpl.java:366)
	at java.net.Socket.connect(Socket.java:519)
	at sun.net.NetworkClient.doConnect(NetworkClient.java:158)
	at sun.net.www.http.HttpClient.openServer(HttpClient.java:394)
	at sun.net.www.http.HttpClient.openServer(HttpClient.java:529)
	at sun.net.www.http.HttpClient.<init>(HttpClient.java:233)
	at sun.net.www.http.HttpClient.New(HttpClient.java:306)
	at sun.net.www.http.HttpClient.New(HttpClient.java:323)
	at sun.net.www.protocol.http.HttpURLConnection.getNewHttpClient(HttpURLConnection.java:852)
	at sun.net.www.protocol.http.HttpURLConnection.plainConnect(HttpURLConnection.java:793)
	at sun.net.www.protocol.http.HttpURLConnection.connect(HttpURLConnection.java:718)
	at sun.net.www.protocol.http.HttpURLConnection.getOutputStream(HttpURLConnection.java:896)
	at sitv.epg.zhangjiagang.bo.BoClient.post(BoClient.java:186)
	at sitv.epg.zhangjiagang.bo.BoClient.auth(BoClient.java:89)
	at sitv.epg.zhangjiagang.service.AuthenticateService.authSVOD(AuthenticateService.java:98)
	at sitv.epg.zhangjiagang.service.AuthenticateService.auth(AuthenticateService.java:57)
	at sitv.epg.web.filter.AAAInteceptor.preHandle(AAAInteceptor.java:92)
	at org.springframework.web.servlet.DispatcherServlet.doDispatch(DispatcherServlet.java:779)
	at org.springframework.web.servlet.DispatcherServlet.doService(DispatcherServlet.java:717)
	at org.springframework.web.servlet.FrameworkServlet.processRequest(FrameworkServlet.java:644)
	at org.springframework.web.servlet.FrameworkServlet.doGet(FrameworkServlet.java:549)
	at javax.servlet.http.HttpServlet.service(HttpServlet.java:617)
	at javax.servlet.http.HttpServlet.service(HttpServlet.java:723)
	at org.apache.catalina.core.ApplicationFilterChain.internalDoFilter(ApplicationFilterChain.java:290)
	at org.apache.catalina.core.ApplicationFilterChain.doFilter(ApplicationFilterChain.java:206)
	at sitv.epg.web.filter.CheckLoginFilter.doFilter(CheckLoginFilter.java:163)
	at org.springframework.web.filter.DelegatingFilterProxy.invokeDelegate(DelegatingFilterProxy.java:237)
	at org.springframework.web.filter.DelegatingFilterProxy.doFilter(DelegatingFilterProxy.java:167)
	at org.apache.catalina.core.ApplicationFilterChain.internalDoFilter(ApplicationFilterChain.java:235)
	at org.apache.catalina.core.ApplicationFilterChain.doFilter(ApplicationFilterChain.java:206)
	at sitv.epg.web.filter.BufferSizeFilter.doFilter(BufferSizeFilter.java:48)
	at org.apache.catalina.core.ApplicationFilterChain.internalDoFilter(ApplicationFilterChain.java:235)
	at org.apache.catalina.core.ApplicationFilterChain.doFilter(ApplicationFilterChain.java:206)
	at org.apache.catalina.core.StandardWrapperValve.invoke(StandardWrapperValve.java:233)
	at org.apache.catalina.core.StandardContextValve.invoke(StandardContextValve.java:191)
	at org.apache.catalina.core.StandardHostValve.invoke(StandardHostValve.java:127)
	at org.apache.catalina.valves.ErrorReportValve.invoke(ErrorReportValve.java:103)
	at org.apache.catalina.core.StandardEngineValve.invoke(StandardEngineValve.java:109)
	at org.apache.catalina.connector.CoyoteAdapter.service(CoyoteAdapter.java:293)
	at org.apache.coyote.http11.Http11Processor.process(Http11Processor.java:861)
	at org.apache.coyote.http11.Http11Protocol$Http11ConnectionHandler.process(Http11Protocol.java:606)
	at org.apache.tomcat.util.net.JIoEndpoint$Worker.run(JIoEndpoint.java:489)
	at java.lang.Thread.run(Thread.java:619)
2016-03-25 15:54:33.180 ERROR [http-80-1] (BoClient.java:91) - auth response is null.account=null, assetId=SiTV2010000004447936, providerId=null
